[   21767ms] [WARNING] The width(-1) and height(-1) of chart should be greater than 0,
       please check the style of container, or the props width(100%) and height(100%),
       or add a minWidth(0) or minHeight(200) or use aspect(undefined) to control the
       height and width. @ https://cntr.brnd.land/_next/static/chunks/4244-0ada06dc200b15f0.js:0
[   21771ms] [WARNING] The width(-1) and height(-1) of chart should be greater than 0,
       please check the style of container, or the props width(100%) and height(100%),
       or add a minWidth(0) or minHeight(200) or use aspect(undefined) to control the
       height and width. @ https://cntr.brnd.land/_next/static/chunks/4244-0ada06dc200b15f0.js:0
[   21772ms] [WARNING] The width(-1) and height(-1) of chart should be greater than 0,
       please check the style of container, or the props width(100%) and height(100%),
       or add a minWidth(0) or minHeight(150) or use aspect(undefined) to control the
       height and width. @ https://cntr.brnd.land/_next/static/chunks/4244-0ada06dc200b15f0.js:0
[   22886ms] [WARNING] The width(-1) and height(-1) of chart should be greater than 0,
       please check the style of container, or the props width(100%) and height(100%),
       or add a minWidth(0) or minHeight(200) or use aspect(undefined) to control the
       height and width. @ https://cntr.brnd.land/_next/static/chunks/4244-0ada06dc200b15f0.js:0
[   22886ms] [WARNING] The width(-1) and height(-1) of chart should be greater than 0,
       please check the style of container, or the props width(100%) and height(100%),
       or add a minWidth(0) or minHeight(200) or use aspect(undefined) to control the
       height and width. @ https://cntr.brnd.land/_next/static/chunks/4244-0ada06dc200b15f0.js:0
[   22887ms] [WARNING] The width(-1) and height(-1) of chart should be greater than 0,
       please check the style of container, or the props width(100%) and height(100%),
       or add a minWidth(0) or minHeight(180) or use aspect(undefined) to control the
       height and width. @ https://cntr.brnd.land/_next/static/chunks/4244-0ada06dc200b15f0.js:0
[   22887ms] [WARNING] The width(-1) and height(-1) of chart should be greater than 0,
       please check the style of container, or the props width(100%) and height(100%),
       or add a minWidth(0) or minHeight(180) or use aspect(undefined) to control the
       height and width. @ https://cntr.brnd.land/_next/static/chunks/4244-0ada06dc200b15f0.js:0
[   22887ms] [WARNING] The width(-1) and height(-1) of chart should be greater than 0,
       please check the style of container, or the props width(100%) and height(100%),
       or add a minWidth(0) or minHeight(180) or use aspect(undefined) to control the
       height and width. @ https://cntr.brnd.land/_next/static/chunks/4244-0ada06dc200b15f0.js:0
[   33768ms] [WARNING] The resource https://fonts.reown.com/KHTeka-Medium.woff2 was preloaded using link preload but not used within a few seconds from the window's load event. Please make sure it has an appropriate `as` value and it is preloaded intentionally. @ https://cntr.brnd.land/dashboard:0
